<?xml version="1.0" encoding="UTF-8"?>
<!-- Generated by org.testng.reporters.JUnitReportReporter -->
<testsuite hostname="lenovoideapadgaming" failures="0" tests="1" name="login.MyTestCase" time="1.985" errors="0" timestamp="2025-07-04T18:05:30 EET" skipped="0">
  <testcase classname="login.MyTestCase" name="signUp" time="1.985"/>
</testsuite> <!-- login.MyTestCase -->
