<?xml version="1.0" encoding="UTF-8"?>
<!-- Generated by org.testng.reporters.JUnitReportReporter -->
<testsuite hostname="lenovoideapadgaming" failures="0" tests="3" name="login.MyTestCase" time="20.305" errors="0" timestamp="2025-07-12T03:15:42 EET" skipped="0">
  <testcase classname="login.MyTestCase" name="signUp" time="7.843"/>
  <testcase classname="login.MyTestCase" name="Logout" time="6.414"/>
  <testcase classname="login.MyTestCase" name="Login" time="6.048"/>
</testsuite> <!-- login.MyTestCase -->
