<?xml version="1.0" encoding="UTF-8"?>
<!-- Generated by org.testng.reporters.JUnitReportReporter -->
<testsuite hostname="lenovoideapadgaming" failures="0" tests="4" name="login.MyTestCase" time="6.547" errors="0" timestamp="2025-07-13T02:35:02 EET" skipped="3">
  <testcase classname="login.MyTestCase" name="addItemToCart" time="6.547"/>
  <testcase classname="login.MyTestCase" name="Logout">
    <skipped/>
  </testcase> <!-- Logout -->
  <testcase classname="login.MyTestCase" name="signUp">
    <skipped/>
  </testcase> <!-- signUp -->
  <testcase classname="login.MyTestCase" name="Login">
    <skipped/>
  </testcase> <!-- Login -->
</testsuite> <!-- login.MyTestCase -->
