<?xml version="1.0" encoding="UTF-8"?>
<!-- Generated by org.testng.reporters.JUnitReportReporter -->
<testsuite hostname="lenovoideapadgaming" failures="0" tests="4" name="login.MyTestCase" time="30.490" errors="0" timestamp="2025-07-16T23:48:24 EET" skipped="0">
  <testcase classname="login.MyTestCase" name="signUp" time="10.213"/>
  <testcase classname="login.MyTestCase" name="Logout" time="3.739"/>
  <testcase classname="login.MyTestCase" name="Login" time="5.448"/>
  <testcase classname="login.MyTestCase" name="addItemToCart" time="11.090"/>
</testsuite> <!-- login.MyTestCase -->
